  UnitTest1.cpp
C:\Programs\С++ Labs\lab2_7oop\UnitTest1\UnitTest1.cpp(16,13): warning C4244: 'argument': conversion from 'double' to 'int', possible loss of data
     Creating library C:\Programs\С++ Labs\lab2_7oop\Debug\UnitTest1.lib and object C:\Programs\С++ Labs\lab2_7oop\Debug\UnitTest1.exp
UnitTest1.obj : error LNK2019: unresolved external symbol "public: __thiscall Account::Account(void)" (??0Account@@QAE@XZ) referenced in function "public: void __thiscall UnitTest1::UnitTest1::TestMethod1(void)" (?TestMethod1@UnitTest1@1@QAEXXZ)
C:\Programs\С++ Labs\lab2_7oop\Debug\UnitTest1.dll : fatal error LNK1120: 1 unresolved externals
